0 info it worked if it ends with ok
1 verbose cli [ '/usr/local/bin/node', '/usr/local/bin/npm', 'install' ]
2 info using npm@3.10.8
3 info using node@v6.9.1
4 silly loadCurrentTree Starting
5 silly install loadCurrentTree
6 silly install readLocalPackageData
7 silly install normalizeTree
8 silly loadCurrentTree Finishing
9 silly loadIdealTree Starting
10 silly install loadIdealTree
11 silly cloneCurrentTree Starting
12 silly install cloneCurrentTreeToIdealTree
13 silly cloneCurrentTree Finishing
14 silly loadShrinkwrap Starting
15 silly install loadShrinkwrap
16 silly loadShrinkwrap Finishing
17 silly loadAllDepsIntoIdealTree Starting
18 silly install loadAllDepsIntoIdealTree
19 silly fetchNamedPackageData f5-logger
20 silly mapToRegistry name f5-logger
21 silly mapToRegistry using default registry
22 silly mapToRegistry registry https://registry.npmjs.org/
23 silly mapToRegistry data Result {
23 silly mapToRegistry   raw: 'f5-logger',
23 silly mapToRegistry   scope: null,
23 silly mapToRegistry   escapedName: 'f5-logger',
23 silly mapToRegistry   name: 'f5-logger',
23 silly mapToRegistry   rawSpec: '',
23 silly mapToRegistry   spec: 'latest',
23 silly mapToRegistry   type: 'tag' }
24 silly mapToRegistry uri https://registry.npmjs.org/f5-logger
25 verbose request uri https://registry.npmjs.org/f5-logger
26 verbose request no auth needed
27 info attempt registry request try #1 at 11:27:52
28 verbose request id 715b1912a03daa48
29 verbose etag W/"e19c2cba15b2908dcce988a245f237ca"
30 verbose lastModified Mon, 02 May 2022 02:07:18 GMT
31 http request GET https://registry.npmjs.org/f5-logger
32 http 304 https://registry.npmjs.org/f5-logger
33 verbose headers { date: 'Sat, 06 Aug 2022 03:27:53 GMT',
33 verbose headers   connection: 'keep-alive',
33 verbose headers   'cf-ray': '7364ade35b5f7827-NRT',
33 verbose headers   'cache-control': 'public, max-age=300',
33 verbose headers   etag: '"e19c2cba15b2908dcce988a245f237ca"',
33 verbose headers   'last-modified': 'Mon, 02 May 2022 02:07:18 GMT',
33 verbose headers   vary: 'Accept-Encoding',
33 verbose headers   'cf-cache-status': 'MISS',
33 verbose headers   'expect-ct': 'max-age=604800, report-uri="https://report-uri.cloudflare.com/cdn-cgi/beacon/expect-ct"',
33 verbose headers   'x-amz-replication-status': 'COMPLETED',
33 verbose headers   server: 'cloudflare' }
34 silly get cb [ 304,
34 silly get   { date: 'Sat, 06 Aug 2022 03:27:53 GMT',
34 silly get     connection: 'keep-alive',
34 silly get     'cf-ray': '7364ade35b5f7827-NRT',
34 silly get     'cache-control': 'public, max-age=300',
34 silly get     etag: '"e19c2cba15b2908dcce988a245f237ca"',
34 silly get     'last-modified': 'Mon, 02 May 2022 02:07:18 GMT',
34 silly get     vary: 'Accept-Encoding',
34 silly get     'cf-cache-status': 'MISS',
34 silly get     'expect-ct': 'max-age=604800, report-uri="https://report-uri.cloudflare.com/cdn-cgi/beacon/expect-ct"',
34 silly get     'x-amz-replication-status': 'COMPLETED',
34 silly get     server: 'cloudflare' } ]
35 verbose etag https://registry.npmjs.org/f5-logger from cache
36 verbose get saving f5-logger to /Users/xiong/.npm/registry.npmjs.org/f5-logger/.cache.json
37 verbose correctMkdir /Users/xiong/.npm correctMkdir not in flight; initializing
38 silly fetchNamedPackageData No valid target from cache, forcing network
39 verbose request uri https://registry.npmjs.org/f5-logger
40 verbose request no auth needed
41 info attempt registry request try #1 at 11:27:52
42 http request GET https://registry.npmjs.org/f5-logger
43 http 200 https://registry.npmjs.org/f5-logger
44 verbose headers { date: 'Sat, 06 Aug 2022 03:27:53 GMT',
44 verbose headers   'content-type': 'application/json',
44 verbose headers   'transfer-encoding': 'chunked',
44 verbose headers   connection: 'keep-alive',
44 verbose headers   'cf-ray': '7364ade4dd377827-NRT',
44 verbose headers   'access-control-allow-origin': '*',
44 verbose headers   age: '0',
44 verbose headers   'cache-control': 'public, max-age=300',
44 verbose headers   etag: 'W/"e19c2cba15b2908dcce988a245f237ca"',
44 verbose headers   'last-modified': 'Mon, 02 May 2022 02:07:18 GMT',
44 verbose headers   vary: 'accept-encoding, accept',
44 verbose headers   'cf-cache-status': 'HIT',
44 verbose headers   'expect-ct': 'max-age=604800, report-uri="https://report-uri.cloudflare.com/cdn-cgi/beacon/expect-ct"',
44 verbose headers   'x-amz-replication-status': 'COMPLETED',
44 verbose headers   server: 'cloudflare',
44 verbose headers   'content-encoding': 'gzip' }
45 silly get cb [ 200,
45 silly get   { date: 'Sat, 06 Aug 2022 03:27:53 GMT',
45 silly get     'content-type': 'application/json',
45 silly get     'transfer-encoding': 'chunked',
45 silly get     connection: 'keep-alive',
45 silly get     'cf-ray': '7364ade4dd377827-NRT',
45 silly get     'access-control-allow-origin': '*',
45 silly get     age: '0',
45 silly get     'cache-control': 'public, max-age=300',
45 silly get     etag: 'W/"e19c2cba15b2908dcce988a245f237ca"',
45 silly get     'last-modified': 'Mon, 02 May 2022 02:07:18 GMT',
45 silly get     vary: 'accept-encoding, accept',
45 silly get     'cf-cache-status': 'HIT',
45 silly get     'expect-ct': 'max-age=604800, report-uri="https://report-uri.cloudflare.com/cdn-cgi/beacon/expect-ct"',
45 silly get     'x-amz-replication-status': 'COMPLETED',
45 silly get     server: 'cloudflare',
45 silly get     'content-encoding': 'gzip' } ]
46 verbose get saving f5-logger to /Users/xiong/.npm/registry.npmjs.org/f5-logger/.cache.json
47 verbose correctMkdir /Users/xiong/.npm correctMkdir not in flight; initializing
48 silly fetchPackageMetaData Error: No compatible version found: f5-logger@^1.0.0
48 silly fetchPackageMetaData Valid install targets:
48 silly fetchPackageMetaData 0.0.1-security
48 silly fetchPackageMetaData
48 silly fetchPackageMetaData     at pickVersionFromRegistryDocument (/usr/local/lib/node_modules/npm/lib/fetch-package-metadata.js:178:16)
48 silly fetchPackageMetaData     at /usr/local/lib/node_modules/npm/node_modules/iferr/index.js:13:50
48 silly fetchPackageMetaData     at /usr/local/lib/node_modules/npm/lib/utils/pulse-till-done.js:20:8
48 silly fetchPackageMetaData     at saved (/usr/local/lib/node_modules/npm/lib/cache/caching-client.js:174:7)
48 silly fetchPackageMetaData     at /usr/local/lib/node_modules/npm/node_modules/graceful-fs/polyfills.js:233:18
48 silly fetchPackageMetaData     at FSReqWrap.oncomplete (fs.js:123:15)
48 silly fetchPackageMetaData  error for f5-logger@^1.0.0 { Error: No compatible version found: f5-logger@^1.0.0
48 silly fetchPackageMetaData Valid install targets:
48 silly fetchPackageMetaData 0.0.1-security
48 silly fetchPackageMetaData
48 silly fetchPackageMetaData     at pickVersionFromRegistryDocument (/usr/local/lib/node_modules/npm/lib/fetch-package-metadata.js:178:16)
48 silly fetchPackageMetaData     at /usr/local/lib/node_modules/npm/node_modules/iferr/index.js:13:50
48 silly fetchPackageMetaData     at /usr/local/lib/node_modules/npm/lib/utils/pulse-till-done.js:20:8
48 silly fetchPackageMetaData     at saved (/usr/local/lib/node_modules/npm/lib/cache/caching-client.js:174:7)
48 silly fetchPackageMetaData     at /usr/local/lib/node_modules/npm/node_modules/graceful-fs/polyfills.js:233:18
48 silly fetchPackageMetaData     at FSReqWrap.oncomplete (fs.js:123:15) code: 'ETARGET' }
49 silly rollbackFailedOptional Starting
50 silly rollbackFailedOptional Finishing
51 silly runTopLevelLifecycles Finishing
52 silly install printInstalled
53 verbose stack Error: No compatible version found: f5-logger@^1.0.0
53 verbose stack Valid install targets:
53 verbose stack 0.0.1-security
53 verbose stack
53 verbose stack     at pickVersionFromRegistryDocument (/usr/local/lib/node_modules/npm/lib/fetch-package-metadata.js:178:16)
53 verbose stack     at /usr/local/lib/node_modules/npm/node_modules/iferr/index.js:13:50
53 verbose stack     at /usr/local/lib/node_modules/npm/lib/utils/pulse-till-done.js:20:8
53 verbose stack     at saved (/usr/local/lib/node_modules/npm/lib/cache/caching-client.js:174:7)
53 verbose stack     at /usr/local/lib/node_modules/npm/node_modules/graceful-fs/polyfills.js:233:18
53 verbose stack     at FSReqWrap.oncomplete (fs.js:123:15)
54 verbose cwd /Users/xiong/Documents/GitHub/bridge2modernapp/msda-consul/src/nodejs
55 error Darwin 21.5.0
56 error argv "/usr/local/bin/node" "/usr/local/bin/npm" "install"
57 error node v6.9.1
58 error npm  v3.10.8
59 error code ETARGET
60 error notarget No compatible version found: f5-logger@^1.0.0
60 error notarget Valid install targets:
60 error notarget 0.0.1-security
61 error notarget This is most likely not a problem with npm itself.
61 error notarget In most cases you or one of your dependencies are requesting
61 error notarget a package version that doesn't exist.
61 error notarget
61 error notarget It was specified as a dependency of 'f5-iappslx-msda-consul'
62 verbose exit [ 1, true ]
